This file contains any messages produced by compilers while
running configure, to aid debugging if configure makes a mistake.

It was created by libgpod configure 0.8.3, which was
generated by GNU Autoconf 2.69.  Invocation command line was

  $ ./configure 

## --------- ##
## Platform. ##
## --------- ##

hostname = macserver.local
uname -m = x86_64
uname -r = 14.5.0
uname -s = Darwin
uname -v = Darwin Kernel Version 14.5.0: Wed Jul 29 02:26:53 PDT 2015; root:xnu-2782.40.9~1/RELEASE_X86_64

/usr/bin/uname -p = i386
/bin/uname -X     = unknown

/bin/arch              = unknown
/usr/bin/arch -k       = unknown
/usr/convex/getsysinfo = unknown
/usr/bin/hostinfo      = Mach kernel version:
	 Darwin Kernel Version 14.5.0: Wed Jul 29 02:26:53 PDT 2015; root:xnu-2782.40.9~1/RELEASE_X86_64
Kernel configured for up to 8 processors.
4 processors are physically available.
8 processors are logically available.
Processor type: i486 (Intel 80486)
Processors active: 0 1 2 3 4 5 6 7
Primary memory available: 16.00 gigabytes
Default processor set: 264 tasks, 1201 threads, 8 processors
Load average: 2.40, Mach factor: 5.59
/bin/machine           = unknown
/usr/bin/oslevel       = unknown
/bin/universe          = unknown

PATH: /usr/local/bin
PATH: /usr/bin
PATH: /bin
PATH: /usr/sbin
PATH: /sbin


## ----------- ##
## Core tests. ##
## ----------- ##

configure:2903: checking for a BSD-compatible install
configure:2971: result: /usr/bin/install -c
configure:2982: checking whether build environment is sane
configure:3037: result: yes
configure:3188: checking for a thread-safe mkdir -p
configure:3227: result: ./install-sh -c -d
configure:3234: checking for gawk
configure:3264: result: no
configure:3234: checking for mawk
configure:3264: result: no
configure:3234: checking for nawk
configure:3264: result: no
configure:3234: checking for awk
configure:3250: found /usr/bin/awk
configure:3261: result: awk
configure:3272: checking whether make sets $(MAKE)
configure:3294: result: yes
configure:3323: checking whether make supports nested variables
configure:3340: result: yes
configure:3429: checking whether to enable maintainer-specific portions of Makefiles
configure:3438: result: no
configure:3464: checking for style of include used by make
configure:3492: result: GNU
configure:3563: checking for gcc
configure:3579: found /usr/bin/gcc
configure:3590: result: gcc
configure:3819: checking for C compiler version
configure:3828: gcc --version >&5
Apple LLVM version 7.0.0 (clang-700.0.72)
Target: x86_64-apple-darwin14.5.0
Thread model: posix
Configured with: --prefix=/Applications/Xcode.app/Contents/Developer/usr --with-gxx-include-dir=/usr/include/c++/4.2.1
configure:3839: $? = 0
configure:3828: gcc -v >&5
Configured with: --prefix=/Applications/Xcode.app/Contents/Developer/usr --with-gxx-include-dir=/usr/include/c++/4.2.1
Apple LLVM version 7.0.0 (clang-700.0.72)
Target: x86_64-apple-darwin14.5.0
Thread model: posix
configure:3839: $? = 0
configure:3828: gcc -V >&5
clang: error: argument to '-V' is missing (expected 1 value)
clang: error: no input files
configure:3839: $? = 1
configure:3828: gcc -qversion >&5
clang: error: unknown argument: '-qversion'
clang: error: no input files
configure:3839: $? = 1
configure:3859: checking whether the C compiler works
configure:3881: gcc    conftest.c  >&5
configure:3885: $? = 0
configure:3933: result: yes
configure:3936: checking for C compiler default output file name
configure:3938: result: a.out
configure:3944: checking for suffix of executables
configure:3951: gcc -o conftest    conftest.c  >&5
configure:3955: $? = 0
configure:3977: result: 
configure:3999: checking whether we are cross compiling
configure:4007: gcc -o conftest    conftest.c  >&5
configure:4011: $? = 0
configure:4018: ./conftest
configure:4022: $? = 0
configure:4037: result: no
configure:4042: checking for suffix of object files
configure:4064: gcc -c   conftest.c >&5
configure:4068: $? = 0
configure:4089: result: o
configure:4093: checking whether we are using the GNU C compiler
configure:4112: gcc -c   conftest.c >&5
configure:4112: $? = 0
configure:4121: result: yes
configure:4130: checking whether gcc accepts -g
configure:4150: gcc -c -g  conftest.c >&5
configure:4150: $? = 0
configure:4191: result: yes
configure:4208: checking for gcc option to accept ISO C89
configure:4271: gcc  -c -g -O2  conftest.c >&5
configure:4271: $? = 0
configure:4284: result: none needed
configure:4306: checking dependency style of gcc
configure:4417: result: gcc3
configure:4438: checking how to run the C preprocessor
configure:4469: gcc -E  conftest.c
configure:4469: $? = 0
configure:4483: gcc -E  conftest.c
conftest.c:11:10: fatal error: 'ac_nonexistent.h' file not found
#include <ac_nonexistent.h>
         ^
1 error generated.
configure:4483: $? = 1
configure: failed program was:
| /* confdefs.h */
| #define PACKAGE_NAME "libgpod"
| #define PACKAGE_TARNAME "libgpod"
| #define PACKAGE_VERSION "0.8.3"
| #define PACKAGE_STRING "libgpod 0.8.3"
| #define PACKAGE_BUGREPORT ""
| #define PACKAGE_URL ""
| #define PACKAGE "libgpod"
| #define VERSION "0.8.3"
| /* end confdefs.h.  */
| #include <ac_nonexistent.h>
configure:4508: result: gcc -E
configure:4528: gcc -E  conftest.c
configure:4528: $? = 0
configure:4542: gcc -E  conftest.c
conftest.c:11:10: fatal error: 'ac_nonexistent.h' file not found
#include <ac_nonexistent.h>
         ^
1 error generated.
configure:4542: $? = 1
configure: failed program was:
| /* confdefs.h */
| #define PACKAGE_NAME "libgpod"
| #define PACKAGE_TARNAME "libgpod"
| #define PACKAGE_VERSION "0.8.3"
| #define PACKAGE_STRING "libgpod 0.8.3"
| #define PACKAGE_BUGREPORT ""
| #define PACKAGE_URL ""
| #define PACKAGE "libgpod"
| #define VERSION "0.8.3"
| /* end confdefs.h.  */
| #include <ac_nonexistent.h>
configure:4571: checking for grep that handles long lines and -e
configure:4629: result: /usr/bin/grep
configure:4634: checking for egrep
configure:4696: result: /usr/bin/grep -E
configure:4701: checking for ANSI C header files
configure:4721: gcc -c -g -O2  conftest.c >&5
configure:4721: $? = 0
configure:4794: gcc -o conftest -g -O2   conftest.c  >&5
configure:4794: $? = 0
configure:4794: ./conftest
configure:4794: $? = 0
configure:4805: result: yes
configure:4818: checking for sys/types.h
configure:4818: gcc -c -g -O2  conftest.c >&5
configure:4818: $? = 0
configure:4818: result: yes
configure:4818: checking for sys/stat.h
configure:4818: gcc -c -g -O2  conftest.c >&5
configure:4818: $? = 0
configure:4818: result: yes
configure:4818: checking for stdlib.h
configure:4818: gcc -c -g -O2  conftest.c >&5
configure:4818: $? = 0
configure:4818: result: yes
configure:4818: checking for string.h
configure:4818: gcc -c -g -O2  conftest.c >&5
configure:4818: $? = 0
configure:4818: result: yes
configure:4818: checking for memory.h
configure:4818: gcc -c -g -O2  conftest.c >&5
configure:4818: $? = 0
configure:4818: result: yes
configure:4818: checking for strings.h
configure:4818: gcc -c -g -O2  conftest.c >&5
configure:4818: $? = 0
configure:4818: result: yes
configure:4818: checking for inttypes.h
configure:4818: gcc -c -g -O2  conftest.c >&5
configure:4818: $? = 0
configure:4818: result: yes
configure:4818: checking for stdint.h
configure:4818: gcc -c -g -O2  conftest.c >&5
configure:4818: $? = 0
configure:4818: result: yes
configure:4818: checking for unistd.h
configure:4818: gcc -c -g -O2  conftest.c >&5
configure:4818: $? = 0
configure:4818: result: yes
configure:4831: checking minix/config.h usability
configure:4831: gcc -c -g -O2  conftest.c >&5
conftest.c:54:10: fatal error: 'minix/config.h' file not found
#include <minix/config.h>
         ^
1 error generated.
configure:4831: $? = 1
configure: failed program was:
| /* confdefs.h */
| #define PACKAGE_NAME "libgpod"
| #define PACKAGE_TARNAME "libgpod"
| #define PACKAGE_VERSION "0.8.3"
| #define PACKAGE_STRING "libgpod 0.8.3"
| #define PACKAGE_BUGREPORT ""
| #define PACKAGE_URL ""
| #define PACKAGE "libgpod"
| #define VERSION "0.8.3"
| #define STDC_HEADERS 1
| #define HAVE_SYS_TYPES_H 1
| #define HAVE_SYS_STAT_H 1
| #define HAVE_STDLIB_H 1
| #define HAVE_STRING_H 1
| #define HAVE_MEMORY_H 1
| #define HAVE_STRINGS_H 1
| #define HAVE_INTTYPES_H 1
| #define HAVE_STDINT_H 1
| #define HAVE_UNISTD_H 1
| /* end confdefs.h.  */
| #include <stdio.h>
| #ifdef HAVE_SYS_TYPES_H
| # include <sys/types.h>
| #endif
| #ifdef HAVE_SYS_STAT_H
| # include <sys/stat.h>
| #endif
| #ifdef STDC_HEADERS
| # include <stdlib.h>
| # include <stddef.h>
| #else
| # ifdef HAVE_STDLIB_H
| #  include <stdlib.h>
| # endif
| #endif
| #ifdef HAVE_STRING_H
| # if !defined STDC_HEADERS && defined HAVE_MEMORY_H
| #  include <memory.h>
| # endif
| # include <string.h>
| #endif
| #ifdef HAVE_STRINGS_H
| # include <strings.h>
| #endif
| #ifdef HAVE_INTTYPES_H
| # include <inttypes.h>
| #endif
| #ifdef HAVE_STDINT_H
| # include <stdint.h>
| #endif
| #ifdef HAVE_UNISTD_H
| # include <unistd.h>
| #endif
| #include <minix/config.h>
configure:4831: result: no
configure:4831: checking minix/config.h presence
configure:4831: gcc -E  conftest.c
conftest.c:21:10: fatal error: 'minix/config.h' file not found
#include <minix/config.h>
         ^
1 error generated.
configure:4831: $? = 1
configure: failed program was:
| /* confdefs.h */
| #define PACKAGE_NAME "libgpod"
| #define PACKAGE_TARNAME "libgpod"
| #define PACKAGE_VERSION "0.8.3"
| #define PACKAGE_STRING "libgpod 0.8.3"
| #define PACKAGE_BUGREPORT ""
| #define PACKAGE_URL ""
| #define PACKAGE "libgpod"
| #define VERSION "0.8.3"
| #define STDC_HEADERS 1
| #define HAVE_SYS_TYPES_H 1
| #define HAVE_SYS_STAT_H 1
| #define HAVE_STDLIB_H 1
| #define HAVE_STRING_H 1
| #define HAVE_MEMORY_H 1
| #define HAVE_STRINGS_H 1
| #define HAVE_INTTYPES_H 1
| #define HAVE_STDINT_H 1
| #define HAVE_UNISTD_H 1
| /* end confdefs.h.  */
| #include <minix/config.h>
configure:4831: result: no
configure:4831: checking for minix/config.h
configure:4831: result: no
configure:4852: checking whether it is safe to define __EXTENSIONS__
configure:4870: gcc -c -g -O2  conftest.c >&5
configure:4870: $? = 0
configure:4877: result: yes
configure:4939: checking for gcc
configure:4966: result: gcc
configure:5195: checking for C compiler version
configure:5204: gcc --version >&5
Apple LLVM version 7.0.0 (clang-700.0.72)
Target: x86_64-apple-darwin14.5.0
Thread model: posix
Configured with: --prefix=/Applications/Xcode.app/Contents/Developer/usr --with-gxx-include-dir=/usr/include/c++/4.2.1
configure:5215: $? = 0
configure:5204: gcc -v >&5
Configured with: --prefix=/Applications/Xcode.app/Contents/Developer/usr --with-gxx-include-dir=/usr/include/c++/4.2.1
Apple LLVM version 7.0.0 (clang-700.0.72)
Target: x86_64-apple-darwin14.5.0
Thread model: posix
configure:5215: $? = 0
configure:5204: gcc -V >&5
clang: error: argument to '-V' is missing (expected 1 value)
clang: error: no input files
configure:5215: $? = 1
configure:5204: gcc -qversion >&5
clang: error: unknown argument: '-qversion'
clang: error: no input files
configure:5215: $? = 1
configure:5219: checking whether we are using the GNU C compiler
configure:5247: result: yes
configure:5256: checking whether gcc accepts -g
configure:5317: result: yes
configure:5334: checking for gcc option to accept ISO C89
configure:5410: result: none needed
configure:5432: checking dependency style of gcc
configure:5543: result: gcc3
configure:5559: checking whether gcc and cc understand -c and -o together
configure:5590: gcc -c conftest.c -o conftest2.o >&5
configure:5594: $? = 0
configure:5600: gcc -c conftest.c -o conftest2.o >&5
configure:5604: $? = 0
configure:5615: cc -c conftest.c >&5
configure:5619: $? = 0
configure:5627: cc -c conftest.c -o conftest2.o >&5
configure:5631: $? = 0
configure:5637: cc -c conftest.c -o conftest2.o >&5
configure:5641: $? = 0
configure:5659: result: yes
configure:5746: checking for g++
configure:5762: found /usr/bin/g++
configure:5773: result: g++
configure:5800: checking for C++ compiler version
configure:5809: g++ --version >&5
Apple LLVM version 7.0.0 (clang-700.0.72)
Target: x86_64-apple-darwin14.5.0
Thread model: posix
Configured with: --prefix=/Applications/Xcode.app/Contents/Developer/usr --with-gxx-include-dir=/usr/include/c++/4.2.1
configure:5820: $? = 0
configure:5809: g++ -v >&5
Configured with: --prefix=/Applications/Xcode.app/Contents/Developer/usr --with-gxx-include-dir=/usr/include/c++/4.2.1
Apple LLVM version 7.0.0 (clang-700.0.72)
Target: x86_64-apple-darwin14.5.0
Thread model: posix
configure:5820: $? = 0
configure:5809: g++ -V >&5
clang: error: argument to '-V' is missing (expected 1 value)
clang: error: no input files
configure:5820: $? = 1
configure:5809: g++ -qversion >&5
clang: error: unknown argument: '-qversion'
clang: error: no input files
configure:5820: $? = 1
configure:5824: checking whether we are using the GNU C++ compiler
configure:5843: g++ -c   conftest.cpp >&5
configure:5843: $? = 0
configure:5852: result: yes
configure:5861: checking whether g++ accepts -g
configure:5881: g++ -c -g  conftest.cpp >&5
configure:5881: $? = 0
configure:5922: result: yes
configure:5947: checking dependency style of g++
configure:6058: result: gcc3
configure:6078: checking build system type
configure:6092: result: x86_64-apple-darwin14.5.0
configure:6112: checking host system type
configure:6125: result: x86_64-apple-darwin14.5.0
configure:6145: checking for a sed that does not truncate output
configure:6209: result: /usr/bin/sed
configure:6227: checking for fgrep
configure:6289: result: /usr/bin/grep -F
configure:6316: checking how to print strings
configure:6343: result: printf
configure:6376: checking for ld used by gcc
configure:6443: result: /Applications/Xcode.app/Contents/Developer/Toolchains/XcodeDefault.xctoolchain/usr/bin/ld
configure:6450: checking if the linker (/Applications/Xcode.app/Contents/Developer/Toolchains/XcodeDefault.xctoolchain/usr/bin/ld) is GNU ld
configure:6465: result: no
configure:6477: checking for ANSI C header files
configure:6581: result: yes
configure:6632: checking for BSD- or MS-compatible name lister (nm)
configure:6681: result: /usr/bin/nm
configure:6811: checking the name lister (/usr/bin/nm) interface
configure:6818: gcc -c -g -O2  conftest.c >&5
configure:6821: /usr/bin/nm "conftest.o"
configure:6824: output
0000000000000204 S _some_variable
configure:6831: result: BSD nm
configure:6834: checking whether ln -s works
configure:6838: result: yes
configure:6846: checking the maximum length of command line arguments
configure:6976: result: 196608
configure:6993: checking whether the shell understands some XSI constructs
configure:7003: result: yes
configure:7007: checking whether the shell understands "+="
configure:7013: result: yes
configure:7048: checking how to convert x86_64-apple-darwin14.5.0 file names to x86_64-apple-darwin14.5.0 format
configure:7088: result: func_convert_file_noop
configure:7095: checking how to convert x86_64-apple-darwin14.5.0 file names to toolchain format
configure:7115: result: func_convert_file_noop
configure:7122: checking for /Applications/Xcode.app/Contents/Developer/Toolchains/XcodeDefault.xctoolchain/usr/bin/ld option to reload object files
configure:7129: result: -r
configure:7203: checking for objdump
configure:7233: result: no
configure:7262: checking how to recognize dependent libraries
configure:7464: result: pass_all
configure:7549: checking for dlltool
configure:7579: result: no
configure:7609: checking how to associate runtime and link libraries
configure:7636: result: printf %s\n
configure:7696: checking for ar
configure:7712: found /usr/bin/ar
configure:7723: result: ar
configure:7760: checking for archiver @FILE support
configure:7777: gcc -c -g -O2  conftest.c >&5
configure:7777: $? = 0
configure:7780: ar cru libconftest.a @conftest.lst >&5
ar: @conftest.lst: No such file or directory
configure:7783: $? = 1
configure:7803: result: no
configure:7861: checking for strip
configure:7877: found /usr/bin/strip
configure:7888: result: strip
configure:7960: checking for ranlib
configure:7976: found /usr/bin/ranlib
configure:7987: result: ranlib
configure:8089: checking command to parse /usr/bin/nm output from gcc object
configure:8209: gcc -c -g -O2  conftest.c >&5
configure:8212: $? = 0
configure:8216: /usr/bin/nm conftest.o \| sed -n -e 's/^.*[ ]\([BCDEGRST][BCDEGRST]*\)[ ][ ]*\([_A-Za-z][_A-Za-z0-9]*\)$/\1 \2 \2/p' | sed '/ __gnu_lto/d' \> conftest.nm
configure:8219: $? = 0
cannot find nm_test_var in conftest.nm
configure:8209: gcc -c -g -O2  conftest.c >&5
configure:8212: $? = 0
configure:8216: /usr/bin/nm conftest.o \| sed -n -e 's/^.*[ ]\([BCDEGRST][BCDEGRST]*\)[ ][ ]*_\([_A-Za-z][_A-Za-z0-9]*\)$/\1 _\2 \2/p' | sed '/ __gnu_lto/d' \> conftest.nm
configure:8219: $? = 0
configure:8285: gcc -o conftest -g -O2   conftest.c conftstm.o >&5
warning: (x86_64)  could not find object file symbol for symbol _main
configure:8288: $? = 0
configure:8326: result: ok
configure:8363: checking for sysroot
configure:8393: result: no
configure:8649: checking for mt
configure:8679: result: no
configure:8699: checking if : is a manifest tool
configure:8705: : '-?'
configure:8713: result: no
configure:8769: checking for dsymutil
configure:8785: found /usr/bin/dsymutil
configure:8796: result: dsymutil
configure:8861: checking for nmedit
configure:8877: found /usr/bin/nmedit
configure:8888: result: nmedit
configure:8953: checking for lipo
configure:8969: found /usr/bin/lipo
configure:8980: result: lipo
configure:9045: checking for otool
configure:9061: found /usr/bin/otool
configure:9072: result: otool
configure:9137: checking for otool64
configure:9167: result: no
configure:9212: checking for -single_module linker flag
gcc -g -O2  -o libconftest.dylib -dynamiclib -Wl,-single_module conftest.c
configure:9245: result: yes
configure:9248: checking for -exported_symbols_list linker flag
configure:9268: gcc -o conftest -g -O2   -Wl,-exported_symbols_list,conftest.sym conftest.c  >&5
configure:9268: $? = 0
configure:9278: result: yes
configure:9281: checking for -force_load linker flag
gcc -g -O2 -c -o conftest.o conftest.c
ar cru libconftest.a conftest.o
ranlib libconftest.a
gcc -g -O2  -o conftest conftest.c -Wl,-force_load,./libconftest.a
configure:9313: result: yes
configure:9352: checking for dlfcn.h
configure:9352: gcc -c -g -O2  conftest.c >&5
configure:9352: $? = 0
configure:9352: result: yes
configure:9569: checking for objdir
configure:9584: result: .libs
configure:9855: checking if gcc supports -fno-rtti -fno-exceptions
configure:9873: gcc -c -g -O2  -fno-rtti -fno-exceptions conftest.c >&5
configure:9877: $? = 0
configure:9890: result: yes
configure:10217: checking for gcc option to produce PIC
configure:10224: result: -fno-common -DPIC
configure:10232: checking if gcc PIC flag -fno-common -DPIC works
configure:10250: gcc -c -g -O2  -fno-common -DPIC -DPIC conftest.c >&5
configure:10254: $? = 0
configure:10267: result: yes
configure:10296: checking if gcc static flag -static works
configure:10324: result: no
configure:10339: checking if gcc supports -c -o file.o
configure:10360: gcc -c -g -O2  -o out/conftest2.o conftest.c >&5
configure:10364: $? = 0
configure:10386: result: yes
configure:10394: checking if gcc supports -c -o file.o
configure:10441: result: yes
configure:10474: checking whether the gcc linker (/Applications/Xcode.app/Contents/Developer/Toolchains/XcodeDefault.xctoolchain/usr/bin/ld) supports shared libraries
configure:11627: result: yes
configure:11867: checking dynamic linker characteristics
configure:12604: result: darwin14.5.0 dyld
configure:12711: checking how to hardcode library paths into programs
configure:12736: result: immediate
configure:13276: checking whether stripping libraries is possible
configure:13290: result: yes
configure:13316: checking if libtool supports shared libraries
configure:13318: result: yes
configure:13321: checking whether to build shared libraries
configure:13342: result: yes
configure:13345: checking whether to build static libraries
configure:13349: result: yes
configure:13372: checking how to run the C++ preprocessor
configure:13399: g++ -E  conftest.cpp
configure:13399: $? = 0
configure:13413: g++ -E  conftest.cpp
conftest.cpp:29:10: fatal error: 'ac_nonexistent.h' file not found
#include <ac_nonexistent.h>
         ^
1 error generated.
configure:13413: $? = 1
configure: failed program was:
| /* confdefs.h */
| #define PACKAGE_NAME "libgpod"
| #define PACKAGE_TARNAME "libgpod"
| #define PACKAGE_VERSION "0.8.3"
| #define PACKAGE_STRING "libgpod 0.8.3"
| #define PACKAGE_BUGREPORT ""
| #define PACKAGE_URL ""
| #define PACKAGE "libgpod"
| #define VERSION "0.8.3"
| #define STDC_HEADERS 1
| #define HAVE_SYS_TYPES_H 1
| #define HAVE_SYS_STAT_H 1
| #define HAVE_STDLIB_H 1
| #define HAVE_STRING_H 1
| #define HAVE_MEMORY_H 1
| #define HAVE_STRINGS_H 1
| #define HAVE_INTTYPES_H 1
| #define HAVE_STDINT_H 1
| #define HAVE_UNISTD_H 1
| #define __EXTENSIONS__ 1
| #define _ALL_SOURCE 1
| #define _GNU_SOURCE 1
| #define _POSIX_PTHREAD_SEMANTICS 1
| #define _TANDEM_SOURCE 1
| #define STDC_HEADERS 1
| #define HAVE_DLFCN_H 1
| #define LT_OBJDIR ".libs/"
| /* end confdefs.h.  */
| #include <ac_nonexistent.h>
configure:13438: result: g++ -E
configure:13458: g++ -E  conftest.cpp
configure:13458: $? = 0
configure:13472: g++ -E  conftest.cpp
conftest.cpp:29:10: fatal error: 'ac_nonexistent.h' file not found
#include <ac_nonexistent.h>
         ^
1 error generated.
configure:13472: $? = 1
configure: failed program was:
| /* confdefs.h */
| #define PACKAGE_NAME "libgpod"
| #define PACKAGE_TARNAME "libgpod"
| #define PACKAGE_VERSION "0.8.3"
| #define PACKAGE_STRING "libgpod 0.8.3"
| #define PACKAGE_BUGREPORT ""
| #define PACKAGE_URL ""
| #define PACKAGE "libgpod"
| #define VERSION "0.8.3"
| #define STDC_HEADERS 1
| #define HAVE_SYS_TYPES_H 1
| #define HAVE_SYS_STAT_H 1
| #define HAVE_STDLIB_H 1
| #define HAVE_STRING_H 1
| #define HAVE_MEMORY_H 1
| #define HAVE_STRINGS_H 1
| #define HAVE_INTTYPES_H 1
| #define HAVE_STDINT_H 1
| #define HAVE_UNISTD_H 1
| #define __EXTENSIONS__ 1
| #define _ALL_SOURCE 1
| #define _GNU_SOURCE 1
| #define _POSIX_PTHREAD_SEMANTICS 1
| #define _TANDEM_SOURCE 1
| #define STDC_HEADERS 1
| #define HAVE_DLFCN_H 1
| #define LT_OBJDIR ".libs/"
| /* end confdefs.h.  */
| #include <ac_nonexistent.h>
configure:13641: checking for ld used by g++
configure:13708: result: /Applications/Xcode.app/Contents/Developer/Toolchains/XcodeDefault.xctoolchain/usr/bin/ld
configure:13715: checking if the linker (/Applications/Xcode.app/Contents/Developer/Toolchains/XcodeDefault.xctoolchain/usr/bin/ld) is GNU ld
configure:13730: result: no
configure:13785: checking whether the g++ linker (/Applications/Xcode.app/Contents/Developer/Toolchains/XcodeDefault.xctoolchain/usr/bin/ld) supports shared libraries
configure:14790: result: yes
configure:14826: g++ -c -g -O2  conftest.cpp >&5
configure:14829: $? = 0
configure:15349: checking for g++ option to produce PIC
configure:15356: result: -fno-common -DPIC
configure:15364: checking if g++ PIC flag -fno-common -DPIC works
configure:15382: g++ -c -g -O2  -fno-common -DPIC -DPIC conftest.cpp >&5
configure:15386: $? = 0
configure:15399: result: yes
configure:15422: checking if g++ static flag -static works
configure:15450: result: no
configure:15462: checking if g++ supports -c -o file.o
configure:15483: g++ -c -g -O2  -o out/conftest2.o conftest.cpp >&5
configure:15487: $? = 0
configure:15509: result: yes
configure:15514: checking if g++ supports -c -o file.o
configure:15561: result: yes
configure:15591: checking whether the g++ linker (/Applications/Xcode.app/Contents/Developer/Toolchains/XcodeDefault.xctoolchain/usr/bin/ld) supports shared libraries
configure:15627: result: yes
configure:15768: checking dynamic linker characteristics
configure:16439: result: darwin14.5.0 dyld
configure:16492: checking how to hardcode library paths into programs
configure:16517: result: immediate
configure:16578: checking whether ln -s works
configure:16582: result: yes
configure:16589: checking whether make sets $(MAKE)
configure:16611: result: yes
configure:16621: checking whether NLS is requested
configure:16630: result: yes
configure:16648: checking for intltool >= 0.21
configure:16650: result: 0.51.0 found
configure:16658: checking for intltool-update
configure:16676: found /usr/local/bin/intltool-update
configure:16688: result: /usr/local/bin/intltool-update
configure:16698: checking for intltool-merge
configure:16716: found /usr/local/bin/intltool-merge
configure:16728: result: /usr/local/bin/intltool-merge
configure:16738: checking for intltool-extract
configure:16756: found /usr/local/bin/intltool-extract
configure:16768: result: /usr/local/bin/intltool-extract
configure:16922: checking for xgettext
configure:16940: found /usr/local/bin/xgettext
configure:16952: result: /usr/local/bin/xgettext
configure:16962: checking for msgmerge
configure:16980: found /usr/local/bin/msgmerge
configure:16992: result: /usr/local/bin/msgmerge
configure:17002: checking for msgfmt
configure:17020: found /usr/local/bin/msgfmt
configure:17032: result: /usr/local/bin/msgfmt
configure:17042: checking for gmsgfmt
configure:17073: result: /usr/local/bin/msgfmt
configure:17093: checking for perl
configure:17111: found /usr/bin/perl
configure:17123: result: /usr/bin/perl
configure:17134: checking for perl >= 5.8.1
configure:17141: result: 5.18.2
configure:17145: checking for XML::Parser
configure:17148: result: ok
configure:17173: gcc -o conftest -g -O2   conftest.c  >&5
Undefined symbols for architecture x86_64:
  "__nl_msg_cat_cntr", referenced from:
      _main in conftest-0ac41d.o
ld: symbol(s) not found for architecture x86_64
clang: error: linker command failed with exit code 1 (use -v to see invocation)
configure:17173: $? = 1
configure: failed program was:
| /* confdefs.h */
| #define PACKAGE_NAME "libgpod"
| #define PACKAGE_TARNAME "libgpod"
| #define PACKAGE_VERSION "0.8.3"
| #define PACKAGE_STRING "libgpod 0.8.3"
| #define PACKAGE_BUGREPORT ""
| #define PACKAGE_URL ""
| #define PACKAGE "libgpod"
| #define VERSION "0.8.3"
| #define STDC_HEADERS 1
| #define HAVE_SYS_TYPES_H 1
| #define HAVE_SYS_STAT_H 1
| #define HAVE_STDLIB_H 1
| #define HAVE_STRING_H 1
| #define HAVE_MEMORY_H 1
| #define HAVE_STRINGS_H 1
| #define HAVE_INTTYPES_H 1
| #define HAVE_STDINT_H 1
| #define HAVE_UNISTD_H 1
| #define __EXTENSIONS__ 1
| #define _ALL_SOURCE 1
| #define _GNU_SOURCE 1
| #define _POSIX_PTHREAD_SEMANTICS 1
| #define _TANDEM_SOURCE 1
| #define STDC_HEADERS 1
| #define HAVE_DLFCN_H 1
| #define LT_OBJDIR ".libs/"
| /* end confdefs.h.  */
| 
| int
| main ()
| {
| extern int _nl_msg_cat_cntr;
|                        return _nl_msg_cat_cntr
|   ;
|   return 0;
| }
configure:17202: checking for localtime_r
configure:17202: gcc -o conftest -g -O2   conftest.c  >&5
configure:17202: $? = 0
configure:17202: result: yes
configure:17211: checking for struct tm.tm_gmtoff
configure:17211: gcc -c -g -O2  conftest.c >&5
configure:17211: $? = 0
configure:17211: result: yes
configure:17276: checking for pkg-config
configure:17294: found /usr/local/bin/pkg-config
configure:17306: result: /usr/local/bin/pkg-config
configure:17331: checking pkg-config is at least version 0.9.0
configure:17334: result: yes
configure:17344: checking for LIBGPOD
configure:17351: $PKG_CONFIG --exists --print-errors "glib-2.0 >= 2.16.0 gobject-2.0 sqlite3 libplist >= 1.0 gmodule-2.0"
configure:17354: $? = 0
configure:17368: $PKG_CONFIG --exists --print-errors "glib-2.0 >= 2.16.0 gobject-2.0 sqlite3 libplist >= 1.0 gmodule-2.0"
configure:17371: $? = 0
configure:17429: result: yes
configure:17441: checking for g_int64_hash
configure:17441: gcc -o conftest -D_REENTRANT -I/usr/local/Cellar/libplist/1.12/include -I/usr/local/Cellar/glib/2.46.0/include/glib-2.0 -I/usr/local/Cellar/glib/2.46.0/lib/glib-2.0/include -I/usr/local/opt/gettext/include -I/usr/include/libxml2  -g -O2   conftest.c -L/usr/local/Cellar/glib/2.46.0/lib -L/usr/local/Cellar/libplist/1.12/lib -L/usr/local/Cellar/glib/2.46.0/lib -L/usr/local/opt/gettext/lib -lgobject-2.0 -lsqlite3 -lplist -lgmodule-2.0 -lglib-2.0 -lintl   >&5
configure:17441: $? = 0
configure:17441: result: yes
configure:17441: checking for g_int64_equal
configure:17441: gcc -o conftest -D_REENTRANT -I/usr/local/Cellar/libplist/1.12/include -I/usr/local/Cellar/glib/2.46.0/include/glib-2.0 -I/usr/local/Cellar/glib/2.46.0/lib/glib-2.0/include -I/usr/local/opt/gettext/include -I/usr/include/libxml2  -g -O2   conftest.c -L/usr/local/Cellar/glib/2.46.0/lib -L/usr/local/Cellar/libplist/1.12/lib -L/usr/local/Cellar/glib/2.46.0/lib -L/usr/local/opt/gettext/lib -lgobject-2.0 -lsqlite3 -lplist -lgmodule-2.0 -lglib-2.0 -lintl   >&5
configure:17441: $? = 0
configure:17441: result: yes
configure:17452: checking for g_checksum_reset
configure:17452: gcc -o conftest -D_REENTRANT -I/usr/local/Cellar/libplist/1.12/include -I/usr/local/Cellar/glib/2.46.0/include/glib-2.0 -I/usr/local/Cellar/glib/2.46.0/lib/glib-2.0/include -I/usr/local/opt/gettext/include -I/usr/include/libxml2  -g -O2   conftest.c -L/usr/local/Cellar/glib/2.46.0/lib -L/usr/local/Cellar/libplist/1.12/lib -L/usr/local/Cellar/glib/2.46.0/lib -L/usr/local/opt/gettext/lib -lgobject-2.0 -lsqlite3 -lplist -lgmodule-2.0 -lglib-2.0 -lintl   >&5
configure:17452: $? = 0
configure:17452: result: yes
configure:17463: checking for g_mapped_file_unref
configure:17463: gcc -o conftest -D_REENTRANT -I/usr/local/Cellar/libplist/1.12/include -I/usr/local/Cellar/glib/2.46.0/include/glib-2.0 -I/usr/local/Cellar/glib/2.46.0/lib/glib-2.0/include -I/usr/local/opt/gettext/include -I/usr/include/libxml2  -g -O2   conftest.c -L/usr/local/Cellar/glib/2.46.0/lib -L/usr/local/Cellar/libplist/1.12/lib -L/usr/local/Cellar/glib/2.46.0/lib -L/usr/local/opt/gettext/lib -lgobject-2.0 -lsqlite3 -lplist -lgmodule-2.0 -lglib-2.0 -lintl   >&5
configure:17463: $? = 0
configure:17463: result: yes
configure:17475: checking for sg_ll_inquiry in -lsgutils2
configure:17500: gcc -o conftest -g -O2   conftest.c -lsgutils2   >&5
ld: library not found for -lsgutils2
clang: error: linker command failed with exit code 1 (use -v to see invocation)
configure:17500: $? = 1
configure: failed program was:
| /* confdefs.h */
| #define PACKAGE_NAME "libgpod"
| #define PACKAGE_TARNAME "libgpod"
| #define PACKAGE_VERSION "0.8.3"
| #define PACKAGE_STRING "libgpod 0.8.3"
| #define PACKAGE_BUGREPORT ""
| #define PACKAGE_URL ""
| #define PACKAGE "libgpod"
| #define VERSION "0.8.3"
| #define STDC_HEADERS 1
| #define HAVE_SYS_TYPES_H 1
| #define HAVE_SYS_STAT_H 1
| #define HAVE_STDLIB_H 1
| #define HAVE_STRING_H 1
| #define HAVE_MEMORY_H 1
| #define HAVE_STRINGS_H 1
| #define HAVE_INTTYPES_H 1
| #define HAVE_STDINT_H 1
| #define HAVE_UNISTD_H 1
| #define __EXTENSIONS__ 1
| #define _ALL_SOURCE 1
| #define _GNU_SOURCE 1
| #define _POSIX_PTHREAD_SEMANTICS 1
| #define _TANDEM_SOURCE 1
| #define STDC_HEADERS 1
| #define HAVE_DLFCN_H 1
| #define LT_OBJDIR ".libs/"
| #define HAVE_LOCALTIME_R 1
| #define HAVE_STRUCT_TM_TM_GMTOFF 1
| #define HAVE_G_INT64_HASH 1
| #define HAVE_G_INT64_EQUAL 1
| #define HAVE_G_CHECKSUM_RESET 1
| #define HAVE_G_MAPPED_FILE_UNREF 1
| /* end confdefs.h.  */
| 
| /* Override any GCC internal prototype to avoid an error.
|    Use char because int might match the return type of a GCC
|    builtin and then its argument prototype would still apply.  */
| #ifdef __cplusplus
| extern "C"
| #endif
| char sg_ll_inquiry ();
| int
| main ()
| {
| return sg_ll_inquiry ();
|   ;
|   return 0;
| }
configure:17509: result: no
configure:17518: checking for sg_ll_inquiry in -lsgutils
configure:17543: gcc -o conftest -g -O2   conftest.c -lsgutils   >&5
ld: library not found for -lsgutils
clang: error: linker command failed with exit code 1 (use -v to see invocation)
configure:17543: $? = 1
configure: failed program was:
| /* confdefs.h */
| #define PACKAGE_NAME "libgpod"
| #define PACKAGE_TARNAME "libgpod"
| #define PACKAGE_VERSION "0.8.3"
| #define PACKAGE_STRING "libgpod 0.8.3"
| #define PACKAGE_BUGREPORT ""
| #define PACKAGE_URL ""
| #define PACKAGE "libgpod"
| #define VERSION "0.8.3"
| #define STDC_HEADERS 1
| #define HAVE_SYS_TYPES_H 1
| #define HAVE_SYS_STAT_H 1
| #define HAVE_STDLIB_H 1
| #define HAVE_STRING_H 1
| #define HAVE_MEMORY_H 1
| #define HAVE_STRINGS_H 1
| #define HAVE_INTTYPES_H 1
| #define HAVE_STDINT_H 1
| #define HAVE_UNISTD_H 1
| #define __EXTENSIONS__ 1
| #define _ALL_SOURCE 1
| #define _GNU_SOURCE 1
| #define _POSIX_PTHREAD_SEMANTICS 1
| #define _TANDEM_SOURCE 1
| #define STDC_HEADERS 1
| #define HAVE_DLFCN_H 1
| #define LT_OBJDIR ".libs/"
| #define HAVE_LOCALTIME_R 1
| #define HAVE_STRUCT_TM_TM_GMTOFF 1
| #define HAVE_G_INT64_HASH 1
| #define HAVE_G_INT64_EQUAL 1
| #define HAVE_G_CHECKSUM_RESET 1
| #define HAVE_G_MAPPED_FILE_UNREF 1
| /* end confdefs.h.  */
| 
| /* Override any GCC internal prototype to avoid an error.
|    Use char because int might match the return type of a GCC
|    builtin and then its argument prototype would still apply.  */
| #ifdef __cplusplus
| extern "C"
| #endif
| char sg_ll_inquiry ();
| int
| main ()
| {
| return sg_ll_inquiry ();
|   ;
|   return 0;
| }
configure:17552: result: no
configure:17578: checking for LIBUSB
configure:17585: $PKG_CONFIG --exists --print-errors "libusb-1.0"
Package libusb-1.0 was not found in the pkg-config search path.
Perhaps you should add the directory containing `libusb-1.0.pc'
to the PKG_CONFIG_PATH environment variable
No package 'libusb-1.0' found
configure:17588: $? = 1
configure:17602: $PKG_CONFIG --exists --print-errors "libusb-1.0"
Package libusb-1.0 was not found in the pkg-config search path.
Perhaps you should add the directory containing `libusb-1.0.pc'
to the PKG_CONFIG_PATH environment variable
No package 'libusb-1.0' found
configure:17605: $? = 1
configure:17619: result: no
No package 'libusb-1.0' found
configure:17663: checking for inflate in -lz
configure:17688: gcc -o conftest -g -O2   conftest.c -lz   >&5
configure:17688: $? = 0
configure:17697: result: yes
configure:17904: checking for LIBIMOBILEDEVICE
configure:17911: $PKG_CONFIG --exists --print-errors "libimobiledevice-1.0 >= 0.9.7"
Package libimobiledevice-1.0 was not found in the pkg-config search path.
Perhaps you should add the directory containing `libimobiledevice-1.0.pc'
to the PKG_CONFIG_PATH environment variable
No package 'libimobiledevice-1.0' found
configure:17914: $? = 1
configure:17928: $PKG_CONFIG --exists --print-errors "libimobiledevice-1.0 >= 0.9.7"
Package libimobiledevice-1.0 was not found in the pkg-config search path.
Perhaps you should add the directory containing `libimobiledevice-1.0.pc'
to the PKG_CONFIG_PATH environment variable
No package 'libimobiledevice-1.0' found
configure:17931: $? = 1
configure:17945: result: no
No package 'libimobiledevice-1.0' found
configure:18065: checking for TAGLIB
configure:18072: $PKG_CONFIG --exists --print-errors "taglib"
Package taglib was not found in the pkg-config search path.
Perhaps you should add the directory containing `taglib.pc'
to the PKG_CONFIG_PATH environment variable
No package 'taglib' found
configure:18075: $? = 1
configure:18089: $PKG_CONFIG --exists --print-errors "taglib"
Package taglib was not found in the pkg-config search path.
Perhaps you should add the directory containing `taglib.pc'
to the PKG_CONFIG_PATH environment variable
No package 'taglib' found
configure:18092: $? = 1
configure:18106: result: no
No package 'taglib' found
configure:18164: checking for LIBXML
configure:18171: $PKG_CONFIG --exists --print-errors "libxml-2.0"
configure:18174: $? = 0
configure:18188: $PKG_CONFIG --exists --print-errors "libxml-2.0"
configure:18191: $? = 0
configure:18249: result: yes
configure:18274: checking for GDKPIXBUF
configure:18281: $PKG_CONFIG --exists --print-errors "$GDKPIXBUF_REQ >= 2.6.0"
Package gdk-pixbuf-2.0 was not found in the pkg-config search path.
Perhaps you should add the directory containing `gdk-pixbuf-2.0.pc'
to the PKG_CONFIG_PATH environment variable
No package 'gdk-pixbuf-2.0' found
configure:18284: $? = 1
configure:18298: $PKG_CONFIG --exists --print-errors "$GDKPIXBUF_REQ >= 2.6.0"
Package gdk-pixbuf-2.0 was not found in the pkg-config search path.
Perhaps you should add the directory containing `gdk-pixbuf-2.0.pc'
to the PKG_CONFIG_PATH environment variable
No package 'gdk-pixbuf-2.0' found
configure:18301: $? = 1
configure:18315: result: no
No package 'gdk-pixbuf-2.0' found
configure:18381: checking for PYGOBJECT
configure:18388: $PKG_CONFIG --exists --print-errors "pygobject-2.0 >= 2.8.0"
Package pygobject-2.0 was not found in the pkg-config search path.
Perhaps you should add the directory containing `pygobject-2.0.pc'
to the PKG_CONFIG_PATH environment variable
No package 'pygobject-2.0' found
configure:18391: $? = 1
configure:18405: $PKG_CONFIG --exists --print-errors "pygobject-2.0 >= 2.8.0"
Package pygobject-2.0 was not found in the pkg-config search path.
Perhaps you should add the directory containing `pygobject-2.0.pc'
to the PKG_CONFIG_PATH environment variable
No package 'pygobject-2.0' found
configure:18408: $? = 1
configure:18422: result: no
No package 'pygobject-2.0' found
configure:18486: checking locale.h usability
configure:18486: gcc -c -g -O2  conftest.c >&5
configure:18486: $? = 0
configure:18486: result: yes
configure:18486: checking locale.h presence
configure:18486: gcc -E  conftest.c
configure:18486: $? = 0
configure:18486: result: yes
configure:18486: checking for locale.h
configure:18486: result: yes
configure:18497: checking for LC_MESSAGES
configure:18513: gcc -o conftest -g -O2   conftest.c  >&5
configure:18513: $? = 0
configure:18521: result: yes
configure:18538: checking libintl.h usability
configure:18538: gcc -c -g -O2  conftest.c >&5
configure:18538: $? = 0
configure:18538: result: yes
configure:18538: checking libintl.h presence
configure:18538: gcc -E  conftest.c
configure:18538: $? = 0
configure:18538: result: yes
configure:18538: checking for libintl.h
configure:18538: result: yes
configure:18546: checking for ngettext in libc
configure:18564: gcc -o conftest -g -O2   conftest.c  >&5
Undefined symbols for architecture x86_64:
  "_libintl_ngettext", referenced from:
      _main in conftest-6d0262.o
ld: symbol(s) not found for architecture x86_64
clang: error: linker command failed with exit code 1 (use -v to see invocation)
configure:18564: $? = 1
configure: failed program was:
| /* confdefs.h */
| #define PACKAGE_NAME "libgpod"
| #define PACKAGE_TARNAME "libgpod"
| #define PACKAGE_VERSION "0.8.3"
| #define PACKAGE_STRING "libgpod 0.8.3"
| #define PACKAGE_BUGREPORT ""
| #define PACKAGE_URL ""
| #define PACKAGE "libgpod"
| #define VERSION "0.8.3"
| #define STDC_HEADERS 1
| #define HAVE_SYS_TYPES_H 1
| #define HAVE_SYS_STAT_H 1
| #define HAVE_STDLIB_H 1
| #define HAVE_STRING_H 1
| #define HAVE_MEMORY_H 1
| #define HAVE_STRINGS_H 1
| #define HAVE_INTTYPES_H 1
| #define HAVE_STDINT_H 1
| #define HAVE_UNISTD_H 1
| #define __EXTENSIONS__ 1
| #define _ALL_SOURCE 1
| #define _GNU_SOURCE 1
| #define _POSIX_PTHREAD_SEMANTICS 1
| #define _TANDEM_SOURCE 1
| #define STDC_HEADERS 1
| #define HAVE_DLFCN_H 1
| #define LT_OBJDIR ".libs/"
| #define HAVE_LOCALTIME_R 1
| #define HAVE_STRUCT_TM_TM_GMTOFF 1
| #define HAVE_G_INT64_HASH 1
| #define HAVE_G_INT64_EQUAL 1
| #define HAVE_G_CHECKSUM_RESET 1
| #define HAVE_G_MAPPED_FILE_UNREF 1
| #define HAVE_ZLIB 1
| #define TMPMOUNTDIR "/tmp/"
| #define HAVE_LIBXML 1
| #define GETTEXT_PACKAGE "libgpod"
| #define HAVE_LOCALE_H 1
| #define HAVE_LC_MESSAGES 1
| /* end confdefs.h.  */
| 
| #include <libintl.h>
| 
| int
| main ()
| {
| return !ngettext ("","", 1)
|   ;
|   return 0;
| }
configure:18573: result: no
configure:18629: checking for bindtextdomain in -lintl
configure:18654: gcc -o conftest -g -O2   conftest.c -lintl   >&5
configure:18654: $? = 0
configure:18663: result: yes
configure:18666: checking for ngettext in -lintl
configure:18691: gcc -o conftest -g -O2   conftest.c -lintl   >&5
configure:18691: $? = 0
configure:18700: result: yes
configure:18703: checking for dgettext in -lintl
configure:18728: gcc -o conftest -g -O2   conftest.c -lintl   >&5
configure:18728: $? = 0
configure:18737: result: yes
configure:18850: checking for bind_textdomain_codeset
configure:18850: gcc -o conftest -g -O2   conftest.c  -lintl  >&5
configure:18850: $? = 0
configure:18850: result: yes
configure:18887: checking for msgfmt
configure:18914: result: /usr/local/bin/msgfmt
configure:18925: checking for dcgettext
configure:18925: gcc -o conftest -g -O2   conftest.c  -lintl  >&5
configure:18925: $? = 0
configure:18925: result: yes
configure:18935: checking if msgfmt accepts -c
configure:18950: $MSGFMT -c -o /dev/null conftest.foo
conftest.foo:3: warning: header field 'Language' missing in header
configure:18953: $? = 0
configure:18955: result: yes
configure:18965: checking for gmsgfmt
configure:18996: result: /usr/local/bin/msgfmt
configure:19006: checking for xgettext
configure:19033: result: /usr/local/bin/xgettext
configure:19052: gcc -o conftest -g -O2   conftest.c  -lintl  >&5
configure:19052: $? = 0
configure:19134: checking for catalogs to be installed
configure:19159: result:  de es fr he it ja ro sv zh_CN
configure:19198: checking for gtkdoc-check
configure:19231: result: no
configure:19240: checking for gtkdoc-rebase
configure:19273: result: no
configure:19284: checking for gtkdoc-mkpdf
configure:19317: result: no
configure:19428: checking whether to build gtk-doc documentation
configure:19430: result: no
configure:19515: checking whether to build python bindings
configure:19523: result: yes
configure:19530: checking for python
configure:19548: found /usr/bin/python
configure:19560: result: /usr/bin/python
configure:19579: checking whether /usr/bin/python version is >= 2.1.1
configure:19590: /usr/bin/python -c import sys # split strings by '.' and convert to numeric. Append some zeros # because we need at least 4 digits for the hex conversion. # map returns an iterator in Python 3.0 and a list in 2.x minver = list(map(int, '2.1.1'.split('.'))) + [0, 0, 0] minverhex = 0 # xrange is not present in Python 3.0 and range returns an iterator for i in list(range(0, 4)): minverhex = (minverhex << 8) + minver[i] sys.exit(sys.hexversion < minverhex)
configure:19593: $? = 0
configure:19595: result: yes
configure:19688: checking for /usr/bin/python version
configure:19695: result: 2.7
configure:19707: checking for /usr/bin/python platform
configure:19714: result: darwin
configure:19740: checking for /usr/bin/python script directory
configure:19775: result: ${prefix}/lib/python2.7/site-packages
configure:19784: checking for /usr/bin/python extension module directory
configure:19819: result: ${exec_prefix}/lib/python2.7/site-packages
configure:19833: checking for python development headers
configure:19848: gcc -E  -I/System/Library/Frameworks/Python.framework/Versions/2.7/include/python2.7 conftest.c
configure:19848: $? = 0
configure:19849: result: found
configure:19876: checking for python module mutagen >= 1.8
Traceback (most recent call last):
  File "<string>", line 2, in <module>
ImportError: No module named mutagen
configure:19914: result: no
configure:20066: checking whether to build mono bindings
configure:20068: result: auto
configure:20090: checking for MONO_MODULE
configure:20097: $PKG_CONFIG --exists --print-errors "mono >= $MONO_MIN_VERSION"
Package mono was not found in the pkg-config search path.
Perhaps you should add the directory containing `mono.pc'
to the PKG_CONFIG_PATH environment variable
No package 'mono' found
configure:20100: $? = 1
configure:20114: $PKG_CONFIG --exists --print-errors "mono >= $MONO_MIN_VERSION"
Package mono was not found in the pkg-config search path.
Perhaps you should add the directory containing `mono.pc'
to the PKG_CONFIG_PATH environment variable
No package 'mono' found
configure:20117: $? = 1
configure:20131: result: no
No package 'mono' found
configure:20172: checking for gmcs
configure:20203: result: no
configure:20227: checking for mono
configure:20258: result: no
configure:20281: checking for GDKSHARP
configure:20288: $PKG_CONFIG --exists --print-errors "gtk-sharp-2.0 >= $GTK_SHARP_MIN_VERSION"
Package gtk-sharp-2.0 was not found in the pkg-config search path.
Perhaps you should add the directory containing `gtk-sharp-2.0.pc'
to the PKG_CONFIG_PATH environment variable
No package 'gtk-sharp-2.0' found
configure:20291: $? = 1
configure:20305: $PKG_CONFIG --exists --print-errors "gtk-sharp-2.0 >= $GTK_SHARP_MIN_VERSION"
Package gtk-sharp-2.0 was not found in the pkg-config search path.
Perhaps you should add the directory containing `gtk-sharp-2.0.pc'
to the PKG_CONFIG_PATH environment variable
No package 'gtk-sharp-2.0' found
configure:20308: $? = 1
configure:20322: result: no
No package 'gtk-sharp-2.0' found
configure:20354: checking for GLIBSHARP
configure:20361: $PKG_CONFIG --exists --print-errors "glib-sharp-2.0 >= $GTK_SHARP_MIN_VERSION"
Package glib-sharp-2.0 was not found in the pkg-config search path.
Perhaps you should add the directory containing `glib-sharp-2.0.pc'
to the PKG_CONFIG_PATH environment variable
No package 'glib-sharp-2.0' found
configure:20364: $? = 1
configure:20378: $PKG_CONFIG --exists --print-errors "glib-sharp-2.0 >= $GTK_SHARP_MIN_VERSION"
Package glib-sharp-2.0 was not found in the pkg-config search path.
Perhaps you should add the directory containing `glib-sharp-2.0.pc'
to the PKG_CONFIG_PATH environment variable
No package 'glib-sharp-2.0' found
configure:20381: $? = 1
configure:20395: result: no
No package 'glib-sharp-2.0' found
configure:20449: checking alignment of double
configure:20454: gcc -o conftest -g -O2   conftest.c  >&5
configure:20454: $? = 0
configure:20454: ./conftest
configure:20454: $? = 0
configure:20472: result: 8
configure:20503: checking for more warnings
configure:20548: result: no
configure:20569: checking whether make supports nested variables
configure:20586: result: yes
configure:20708: checking that generated files are newer than configure
configure:20714: result: done
configure:20817: creating ./config.status

## ---------------------- ##
## Running config.status. ##
## ---------------------- ##

This file was extended by libgpod config.status 0.8.3, which was
generated by GNU Autoconf 2.69.  Invocation command line was

  CONFIG_FILES    = 
  CONFIG_HEADERS  = 
  CONFIG_LINKS    = 
  CONFIG_COMMANDS = 
  $ ./config.status 

on macserver.local

config.status:1349: creating Makefile
config.status:1349: creating bindings/Makefile
config.status:1349: creating bindings/mono/Makefile
config.status:1349: creating bindings/mono/libgpod-sharp/libgpod-sharp.pc
config.status:1349: creating bindings/mono/libgpod-sharp/Makefile
config.status:1349: creating bindings/mono/libgpod-sharp-test/Makefile
config.status:1349: creating bindings/mono/libgpod-sharp-test/libgpod-sharp-test
config.status:1349: creating bindings/python/gpod.i
config.status:1349: creating bindings/python/Makefile
config.status:1349: creating bindings/python/examples/Makefile
config.status:1349: creating bindings/python/tests/Makefile
config.status:1349: creating docs/Makefile
config.status:1349: creating docs/reference/Makefile
config.status:1349: creating docs/reference/version.xml
config.status:1349: creating m4/Makefile
config.status:1349: creating po/Makefile.in
config.status:1349: creating src/Makefile
config.status:1349: creating tools/Makefile
config.status:1349: creating tests/Makefile
config.status:1349: creating libgpod-1.0.pc
config.status:1349: creating tools/90-libgpod.rules
config.status:1349: creating config.h
config.status:1530: config.h is unchanged
config.status:1578: executing depfiles commands
config.status:1578: executing libtool commands
config.status:1578: executing default-1 commands
config.status:1578: executing po/stamp-it commands

## ---------------- ##
## Cache variables. ##
## ---------------- ##

ac_cv_alignof_double=8
ac_cv_build=x86_64-apple-darwin14.5.0
ac_cv_c_compiler_gnu=yes
ac_cv_cxx_compiler_gnu=yes
ac_cv_env_CCC_set=
ac_cv_env_CCC_value=
ac_cv_env_CC_set=
ac_cv_env_CC_value=
ac_cv_env_CFLAGS_set=
ac_cv_env_CFLAGS_value=
ac_cv_env_CPPFLAGS_set=
ac_cv_env_CPPFLAGS_value=
ac_cv_env_CPP_set=
ac_cv_env_CPP_value=
ac_cv_env_CXXCPP_set=
ac_cv_env_CXXCPP_value=
ac_cv_env_CXXFLAGS_set=
ac_cv_env_CXXFLAGS_value=
ac_cv_env_CXX_set=
ac_cv_env_CXX_value=
ac_cv_env_GDKPIXBUF_CFLAGS_set=
ac_cv_env_GDKPIXBUF_CFLAGS_value=
ac_cv_env_GDKPIXBUF_LIBS_set=
ac_cv_env_GDKPIXBUF_LIBS_value=
ac_cv_env_GDKSHARP_CFLAGS_set=
ac_cv_env_GDKSHARP_CFLAGS_value=
ac_cv_env_GDKSHARP_LIBS_set=
ac_cv_env_GDKSHARP_LIBS_value=
ac_cv_env_GLIBSHARP_CFLAGS_set=
ac_cv_env_GLIBSHARP_CFLAGS_value=
ac_cv_env_GLIBSHARP_LIBS_set=
ac_cv_env_GLIBSHARP_LIBS_value=
ac_cv_env_GTKDOC_DEPS_CFLAGS_set=
ac_cv_env_GTKDOC_DEPS_CFLAGS_value=
ac_cv_env_GTKDOC_DEPS_LIBS_set=
ac_cv_env_GTKDOC_DEPS_LIBS_value=
ac_cv_env_HAL_CFLAGS_set=
ac_cv_env_HAL_CFLAGS_value=
ac_cv_env_HAL_LIBS_set=
ac_cv_env_HAL_LIBS_value=
ac_cv_env_LDFLAGS_set=
ac_cv_env_LDFLAGS_value=
ac_cv_env_LIBGPOD_CFLAGS_set=
ac_cv_env_LIBGPOD_CFLAGS_value=
ac_cv_env_LIBGPOD_LIBS_set=
ac_cv_env_LIBGPOD_LIBS_value=
ac_cv_env_LIBIMOBILEDEVICE_CFLAGS_set=
ac_cv_env_LIBIMOBILEDEVICE_CFLAGS_value=
ac_cv_env_LIBIMOBILEDEVICE_LIBS_set=
ac_cv_env_LIBIMOBILEDEVICE_LIBS_value=
ac_cv_env_LIBS_set=
ac_cv_env_LIBS_value=
ac_cv_env_LIBUSB_CFLAGS_set=
ac_cv_env_LIBUSB_CFLAGS_value=
ac_cv_env_LIBUSB_LIBS_set=
ac_cv_env_LIBUSB_LIBS_value=
ac_cv_env_LIBXML_CFLAGS_set=
ac_cv_env_LIBXML_CFLAGS_value=
ac_cv_env_LIBXML_LIBS_set=
ac_cv_env_LIBXML_LIBS_value=
ac_cv_env_MONO_MODULE_CFLAGS_set=
ac_cv_env_MONO_MODULE_CFLAGS_value=
ac_cv_env_MONO_MODULE_LIBS_set=
ac_cv_env_MONO_MODULE_LIBS_value=
ac_cv_env_PKG_CONFIG_LIBDIR_set=
ac_cv_env_PKG_CONFIG_LIBDIR_value=
ac_cv_env_PKG_CONFIG_PATH_set=
ac_cv_env_PKG_CONFIG_PATH_value=
ac_cv_env_PKG_CONFIG_set=
ac_cv_env_PKG_CONFIG_value=
ac_cv_env_PYGOBJECT_CFLAGS_set=
ac_cv_env_PYGOBJECT_CFLAGS_value=
ac_cv_env_PYGOBJECT_LIBS_set=
ac_cv_env_PYGOBJECT_LIBS_value=
ac_cv_env_PYTHON_set=
ac_cv_env_PYTHON_value=
ac_cv_env_TAGLIB_CFLAGS_set=
ac_cv_env_TAGLIB_CFLAGS_value=
ac_cv_env_TAGLIB_LIBS_set=
ac_cv_env_TAGLIB_LIBS_value=
ac_cv_env_build_alias_set=
ac_cv_env_build_alias_value=
ac_cv_env_host_alias_set=
ac_cv_env_host_alias_value=
ac_cv_env_target_alias_set=
ac_cv_env_target_alias_value=
ac_cv_func_bind_textdomain_codeset=yes
ac_cv_func_dcgettext=yes
ac_cv_func_g_checksum_reset=yes
ac_cv_func_g_int64_equal=yes
ac_cv_func_g_int64_hash=yes
ac_cv_func_g_mapped_file_unref=yes
ac_cv_func_localtime_r=yes
ac_cv_header_dlfcn_h=yes
ac_cv_header_inttypes_h=yes
ac_cv_header_libintl_h=yes
ac_cv_header_locale_h=yes
ac_cv_header_memory_h=yes
ac_cv_header_minix_config_h=no
ac_cv_header_stdc=yes
ac_cv_header_stdint_h=yes
ac_cv_header_stdlib_h=yes
ac_cv_header_string_h=yes
ac_cv_header_strings_h=yes
ac_cv_header_sys_stat_h=yes
ac_cv_header_sys_types_h=yes
ac_cv_header_unistd_h=yes
ac_cv_host=x86_64-apple-darwin14.5.0
ac_cv_lib_intl_bindtextdomain=yes
ac_cv_lib_intl_dgettext=yes
ac_cv_lib_intl_ngettext=yes
ac_cv_lib_sgutils2_sg_ll_inquiry=no
ac_cv_lib_sgutils_sg_ll_inquiry=no
ac_cv_lib_z_inflate=yes
ac_cv_member_struct_tm_tm_gmtoff=yes
ac_cv_objext=o
ac_cv_path_EGREP='/usr/bin/grep -E'
ac_cv_path_FGREP='/usr/bin/grep -F'
ac_cv_path_GMSGFMT=/usr/local/bin/msgfmt
ac_cv_path_GREP=/usr/bin/grep
ac_cv_path_INTLTOOL_EXTRACT=/usr/local/bin/intltool-extract
ac_cv_path_INTLTOOL_MERGE=/usr/local/bin/intltool-merge
ac_cv_path_INTLTOOL_PERL=/usr/bin/perl
ac_cv_path_INTLTOOL_UPDATE=/usr/local/bin/intltool-update
ac_cv_path_MCS=no
ac_cv_path_MONO=no
ac_cv_path_MSGFMT=/usr/local/bin/msgfmt
ac_cv_path_MSGMERGE=/usr/local/bin/msgmerge
ac_cv_path_PYTHON=/usr/bin/python
ac_cv_path_SED=/usr/bin/sed
ac_cv_path_XGETTEXT=/usr/local/bin/xgettext
ac_cv_path_ac_pt_PKG_CONFIG=/usr/local/bin/pkg-config
ac_cv_path_install='/usr/bin/install -c'
ac_cv_prog_AWK=awk
ac_cv_prog_CPP='gcc -E'
ac_cv_prog_CXXCPP='g++ -E'
ac_cv_prog_ac_ct_AR=ar
ac_cv_prog_ac_ct_CC=gcc
ac_cv_prog_ac_ct_CXX=g++
ac_cv_prog_ac_ct_DSYMUTIL=dsymutil
ac_cv_prog_ac_ct_LIPO=lipo
ac_cv_prog_ac_ct_NMEDIT=nmedit
ac_cv_prog_ac_ct_OTOOL=otool
ac_cv_prog_ac_ct_RANLIB=ranlib
ac_cv_prog_ac_ct_STRIP=strip
ac_cv_prog_cc_c89=
ac_cv_prog_cc_g=yes
ac_cv_prog_cc_gcc_c_o=yes
ac_cv_prog_cxx_g=yes
ac_cv_prog_make_make_set=yes
ac_cv_safe_to_define___extensions__=yes
am_cv_CC_dependencies_compiler_type=gcc3
am_cv_CXX_dependencies_compiler_type=gcc3
am_cv_make_support_nested_variables=yes
am_cv_python_platform=darwin
am_cv_python_pyexecdir='${exec_prefix}/lib/python2.7/site-packages'
am_cv_python_pythondir='${prefix}/lib/python2.7/site-packages'
am_cv_python_version=2.7
am_cv_val_LC_MESSAGES=yes
gt_cv_func_dgettext_libc=no
gt_cv_func_dgettext_libintl=yes
gt_cv_func_ngettext_libc=no
gt_cv_have_gettext=yes
lt_cv_apple_cc_single_mod=yes
lt_cv_ar_at_file=no
lt_cv_deplibs_check_method=pass_all
lt_cv_file_magic_cmd='$MAGIC_CMD'
lt_cv_file_magic_test_file=
lt_cv_ld_exported_symbols_list=yes
lt_cv_ld_force_load=yes
lt_cv_ld_reload_flag=-r
lt_cv_nm_interface='BSD nm'
lt_cv_objdir=.libs
lt_cv_path_LD=/Applications/Xcode.app/Contents/Developer/Toolchains/XcodeDefault.xctoolchain/usr/bin/ld
lt_cv_path_LDCXX=/Applications/Xcode.app/Contents/Developer/Toolchains/XcodeDefault.xctoolchain/usr/bin/ld
lt_cv_path_NM=/usr/bin/nm
lt_cv_path_mainfest_tool=no
lt_cv_prog_compiler_c_o=yes
lt_cv_prog_compiler_c_o_CXX=yes
lt_cv_prog_compiler_pic='-fno-common -DPIC'
lt_cv_prog_compiler_pic_CXX='-fno-common -DPIC'
lt_cv_prog_compiler_pic_works=yes
lt_cv_prog_compiler_pic_works_CXX=yes
lt_cv_prog_compiler_rtti_exceptions=yes
lt_cv_prog_compiler_static_works=no
lt_cv_prog_compiler_static_works_CXX=no
lt_cv_prog_gnu_ld=no
lt_cv_prog_gnu_ldcxx=no
lt_cv_sharedlib_from_linklib_cmd='printf %s\n'
lt_cv_sys_global_symbol_pipe='sed -n -e '\''s/^.*[	 ]\([BCDEGRST][BCDEGRST]*\)[	 ][	 ]*_\([_A-Za-z][_A-Za-z0-9]*\)$/\1 _\2 \2/p'\'' | sed '\''/ __gnu_lto/d'\'''
lt_cv_sys_global_symbol_to_c_name_address='sed -n -e '\''s/^: \([^ ]*\)[ ]*$/  {\"\1\", (void *) 0},/p'\'' -e '\''s/^[BCDEGRST]* \([^ ]*\) \([^ ]*\)$/  {"\2", (void *) \&\2},/p'\'''
lt_cv_sys_global_symbol_to_c_name_address_lib_prefix='sed -n -e '\''s/^: \([^ ]*\)[ ]*$/  {\"\1\", (void *) 0},/p'\'' -e '\''s/^[BCDEGRST]* \([^ ]*\) \(lib[^ ]*\)$/  {"\2", (void *) \&\2},/p'\'' -e '\''s/^[BCDEGRST]* \([^ ]*\) \([^ ]*\)$/  {"lib\2", (void *) \&\2},/p'\'''
lt_cv_sys_global_symbol_to_cdecl='sed -n -e '\''s/^T .* \(.*\)$/extern int \1();/p'\'' -e '\''s/^[BCDEGRST]* .* \(.*\)$/extern char \1;/p'\'''
lt_cv_sys_max_cmd_len=196608
lt_cv_to_host_file_cmd=func_convert_file_noop
lt_cv_to_tool_file_cmd=func_convert_file_noop
pkg_cv_LIBGPOD_CFLAGS='-D_REENTRANT -I/usr/local/Cellar/libplist/1.12/include -I/usr/local/Cellar/glib/2.46.0/include/glib-2.0 -I/usr/local/Cellar/glib/2.46.0/lib/glib-2.0/include -I/usr/local/opt/gettext/include -I/usr/include/libxml2 '
pkg_cv_LIBGPOD_LIBS='-L/usr/local/Cellar/glib/2.46.0/lib -L/usr/local/Cellar/libplist/1.12/lib -L/usr/local/Cellar/glib/2.46.0/lib -L/usr/local/opt/gettext/lib -lgobject-2.0 -lsqlite3 -lplist -lgmodule-2.0 -lglib-2.0 -lintl '
pkg_cv_LIBXML_CFLAGS='-I/usr/include/libxml2 '
pkg_cv_LIBXML_LIBS='-lxml2 '
py_cv_mod_mutagen=no

## ----------------- ##
## Output variables. ##
## ----------------- ##

ACLOCAL='${SHELL} /Users/nredko/Documents/senuti/libxpod/libgpod-0.8.3/missing aclocal-1.13'
ACLOCAL_AMFLAGS=''
ALL_LINGUAS='de es fr he it ja ro sv zh_CN'
AMDEPBACKSLASH='\'
AMDEP_FALSE='#'
AMDEP_TRUE=''
AMTAR='$${TAR-tar}'
AM_BACKSLASH='\'
AM_DEFAULT_V='$(AM_DEFAULT_VERBOSITY)'
AM_DEFAULT_VERBOSITY='0'
AM_V='$(V)'
AR='ar'
AUTOCONF='${SHELL} /Users/nredko/Documents/senuti/libxpod/libgpod-0.8.3/missing autoconf'
AUTOHEADER='${SHELL} /Users/nredko/Documents/senuti/libxpod/libgpod-0.8.3/missing autoheader'
AUTOMAKE='${SHELL} /Users/nredko/Documents/senuti/libxpod/libgpod-0.8.3/missing automake-1.13'
AWK='awk'
CATALOGS=' de.gmo es.gmo fr.gmo he.gmo it.gmo ja.gmo ro.gmo sv.gmo zh_CN.gmo'
CATOBJEXT='.gmo'
CC='gcc'
CCDEPMODE='depmode=gcc3'
CFLAGS='-g -O2'
CPP='gcc -E'
CPPFLAGS=''
CXX='g++'
CXXCPP='g++ -E'
CXXDEPMODE='depmode=gcc3'
CXXFLAGS='-g -O2'
CYGPATH_W='echo'
DATADIRNAME='share'
DEFS='-DHAVE_CONFIG_H'
DEPDIR='.deps'
DLLTOOL='false'
DSYMUTIL='dsymutil'
DUMPBIN=''
ECHO_C='\c'
ECHO_N=''
ECHO_T=''
EGREP='/usr/bin/grep -E'
ENABLE_GTK_DOC_FALSE=''
ENABLE_GTK_DOC_TRUE='#'
EXEEXT=''
FGREP='/usr/bin/grep -F'
GDKPIXBUF_CFLAGS=''
GDKPIXBUF_LIBS=''
GDKPIXBUF_REQ=''
GDKSHARP_CFLAGS=''
GDKSHARP_LIBS=''
GETTEXT_PACKAGE='libgpod'
GLIBSHARP_CFLAGS=''
GLIBSHARP_LIBS=''
GMCS_FLAGS=''
GMOFILES=' de.gmo es.gmo fr.gmo he.gmo it.gmo ja.gmo ro.gmo sv.gmo zh_CN.gmo'
GMSGFMT='/usr/local/bin/msgfmt'
GREP='/usr/bin/grep'
GTKDOC_CHECK=''
GTKDOC_DEPS_CFLAGS=''
GTKDOC_DEPS_LIBS=''
GTKDOC_MKPDF=''
GTKDOC_REBASE='true'
GTK_DOC_BUILD_HTML_FALSE='#'
GTK_DOC_BUILD_HTML_TRUE=''
GTK_DOC_BUILD_PDF_FALSE=''
GTK_DOC_BUILD_PDF_TRUE='#'
GTK_DOC_USE_LIBTOOL_FALSE='#'
GTK_DOC_USE_LIBTOOL_TRUE=''
GTK_DOC_USE_REBASE_FALSE='#'
GTK_DOC_USE_REBASE_TRUE=''
HALCALLOUTSDIR='/hal/scripts'
HALFDIDIR='/share/hal/fdi'
HAL_CFLAGS=''
HAL_LIBS=''
HAVE_GDKPIXBUF_FALSE=''
HAVE_GDKPIXBUF_TRUE='#'
HAVE_HAL_FALSE=''
HAVE_HAL_TRUE='#'
HAVE_LIBIMOBILEDEVICE_FALSE=''
HAVE_LIBIMOBILEDEVICE_TRUE='#'
HAVE_LIBUSB_FALSE=''
HAVE_LIBUSB_TRUE='#'
HAVE_MONO_FALSE=''
HAVE_MONO_TRUE='#'
HAVE_PYGOBJECT_FALSE=''
HAVE_PYGOBJECT_TRUE='#'
HAVE_PYTHON_FALSE=''
HAVE_PYTHON_TRUE='#'
HAVE_SGUTILS_FALSE=''
HAVE_SGUTILS_TRUE='#'
HAVE_TAGLIB_FALSE=''
HAVE_TAGLIB_TRUE='#'
HAVE_ZLIB_FALSE='#'
HAVE_ZLIB_TRUE=''
HTML_DIR='${datadir}/gtk-doc/html'
INSTALL_DATA='${INSTALL} -m 644'
INSTALL_PROGRAM='${INSTALL}'
INSTALL_SCRIPT='${INSTALL}'
INSTALL_STRIP_PROGRAM='$(install_sh) -c -s'
INSTOBJEXT='.mo'
INTLLIBS='-lintl '
INTLTOOL_CAVES_RULE='%.caves:     %.caves.in     $(INTLTOOL_MERGE) $(wildcard $(top_srcdir)/po/*.po) ; $(INTLTOOL_V_MERGE)LC_ALL=C $(INTLTOOL_MERGE) $(INTLTOOL_V_MERGE_OPTIONS) -d -u -c $(top_builddir)/po/.intltool-merge-cache $(top_srcdir)/po $< $@'
INTLTOOL_DESKTOP_RULE='%.desktop:   %.desktop.in   $(INTLTOOL_MERGE) $(wildcard $(top_srcdir)/po/*.po) ; $(INTLTOOL_V_MERGE)LC_ALL=C $(INTLTOOL_MERGE) $(INTLTOOL_V_MERGE_OPTIONS) -d -u -c $(top_builddir)/po/.intltool-merge-cache $(top_srcdir)/po $< $@'
INTLTOOL_DIRECTORY_RULE='%.directory: %.directory.in $(INTLTOOL_MERGE) $(wildcard $(top_srcdir)/po/*.po) ; $(INTLTOOL_V_MERGE)LC_ALL=C $(INTLTOOL_MERGE) $(INTLTOOL_V_MERGE_OPTIONS) -d -u -c $(top_builddir)/po/.intltool-merge-cache $(top_srcdir)/po $< $@'
INTLTOOL_EXTRACT='/usr/local/bin/intltool-extract'
INTLTOOL_KBD_RULE='%.kbd:       %.kbd.in       $(INTLTOOL_MERGE) $(wildcard $(top_srcdir)/po/*.po) ; $(INTLTOOL_V_MERGE)LC_ALL=C $(INTLTOOL_MERGE) $(INTLTOOL_V_MERGE_OPTIONS) -x -u -m -c $(top_builddir)/po/.intltool-merge-cache $(top_srcdir)/po $< $@'
INTLTOOL_KEYS_RULE='%.keys:      %.keys.in      $(INTLTOOL_MERGE) $(wildcard $(top_srcdir)/po/*.po) ; $(INTLTOOL_V_MERGE)LC_ALL=C $(INTLTOOL_MERGE) $(INTLTOOL_V_MERGE_OPTIONS) -k -u -c $(top_builddir)/po/.intltool-merge-cache $(top_srcdir)/po $< $@'
INTLTOOL_MERGE='/usr/local/bin/intltool-merge'
INTLTOOL_OAF_RULE='%.oaf:       %.oaf.in       $(INTLTOOL_MERGE) $(wildcard $(top_srcdir)/po/*.po) ; $(INTLTOOL_V_MERGE)LC_ALL=C $(INTLTOOL_MERGE) $(INTLTOOL_V_MERGE_OPTIONS) -o -p $(top_srcdir)/po $< $@'
INTLTOOL_PERL='/usr/bin/perl'
INTLTOOL_POLICY_RULE='%.policy:    %.policy.in    $(INTLTOOL_MERGE) $(wildcard $(top_srcdir)/po/*.po) ; $(INTLTOOL_V_MERGE)LC_ALL=C $(INTLTOOL_MERGE) $(INTLTOOL_V_MERGE_OPTIONS) -x -u -c $(top_builddir)/po/.intltool-merge-cache $(top_srcdir)/po $< $@'
INTLTOOL_PONG_RULE='%.pong:      %.pong.in      $(INTLTOOL_MERGE) $(wildcard $(top_srcdir)/po/*.po) ; $(INTLTOOL_V_MERGE)LC_ALL=C $(INTLTOOL_MERGE) $(INTLTOOL_V_MERGE_OPTIONS) -x -u -c $(top_builddir)/po/.intltool-merge-cache $(top_srcdir)/po $< $@'
INTLTOOL_PROP_RULE='%.prop:      %.prop.in      $(INTLTOOL_MERGE) $(wildcard $(top_srcdir)/po/*.po) ; $(INTLTOOL_V_MERGE)LC_ALL=C $(INTLTOOL_MERGE) $(INTLTOOL_V_MERGE_OPTIONS) -d -u -c $(top_builddir)/po/.intltool-merge-cache $(top_srcdir)/po $< $@'
INTLTOOL_SCHEMAS_RULE='%.schemas:   %.schemas.in   $(INTLTOOL_MERGE) $(wildcard $(top_srcdir)/po/*.po) ; $(INTLTOOL_V_MERGE)LC_ALL=C $(INTLTOOL_MERGE) $(INTLTOOL_V_MERGE_OPTIONS) -s -u -c $(top_builddir)/po/.intltool-merge-cache $(top_srcdir)/po $< $@'
INTLTOOL_SERVER_RULE='%.server:    %.server.in    $(INTLTOOL_MERGE) $(wildcard $(top_srcdir)/po/*.po) ; $(INTLTOOL_V_MERGE)LC_ALL=C $(INTLTOOL_MERGE) $(INTLTOOL_V_MERGE_OPTIONS) -o -u -c $(top_builddir)/po/.intltool-merge-cache $(top_srcdir)/po $< $@'
INTLTOOL_SERVICE_RULE='%.service: %.service.in   $(INTLTOOL_MERGE) $(wildcard $(top_srcdir)/po/*.po) ; $(INTLTOOL_V_MERGE)LC_ALL=C $(INTLTOOL_MERGE) $(INTLTOOL_V_MERGE_OPTIONS) -d -u -c $(top_builddir)/po/.intltool-merge-cache $(top_srcdir)/po $< $@'
INTLTOOL_SHEET_RULE='%.sheet:     %.sheet.in     $(INTLTOOL_MERGE) $(wildcard $(top_srcdir)/po/*.po) ; $(INTLTOOL_V_MERGE)LC_ALL=C $(INTLTOOL_MERGE) $(INTLTOOL_V_MERGE_OPTIONS) -x -u -c $(top_builddir)/po/.intltool-merge-cache $(top_srcdir)/po $< $@'
INTLTOOL_SOUNDLIST_RULE='%.soundlist: %.soundlist.in $(INTLTOOL_MERGE) $(wildcard $(top_srcdir)/po/*.po) ; $(INTLTOOL_V_MERGE)LC_ALL=C $(INTLTOOL_MERGE) $(INTLTOOL_V_MERGE_OPTIONS) -d -u -c $(top_builddir)/po/.intltool-merge-cache $(top_srcdir)/po $< $@'
INTLTOOL_THEME_RULE='%.theme:     %.theme.in     $(INTLTOOL_MERGE) $(wildcard $(top_srcdir)/po/*.po) ; $(INTLTOOL_V_MERGE)LC_ALL=C $(INTLTOOL_MERGE) $(INTLTOOL_V_MERGE_OPTIONS) -d -u -c $(top_builddir)/po/.intltool-merge-cache $(top_srcdir)/po $< $@'
INTLTOOL_UI_RULE='%.ui:        %.ui.in        $(INTLTOOL_MERGE) $(wildcard $(top_srcdir)/po/*.po) ; $(INTLTOOL_V_MERGE)LC_ALL=C $(INTLTOOL_MERGE) $(INTLTOOL_V_MERGE_OPTIONS) -x -u -c $(top_builddir)/po/.intltool-merge-cache $(top_srcdir)/po $< $@'
INTLTOOL_UPDATE='/usr/local/bin/intltool-update'
INTLTOOL_V_MERGE='$(INTLTOOL__v_MERGE_$(V))'
INTLTOOL_V_MERGE_OPTIONS='$(intltool__v_merge_options_$(V))'
INTLTOOL_XAM_RULE='%.xam:       %.xml.in       $(INTLTOOL_MERGE) $(wildcard $(top_srcdir)/po/*.po) ; $(INTLTOOL_V_MERGE)LC_ALL=C $(INTLTOOL_MERGE) $(INTLTOOL_V_MERGE_OPTIONS) -x -u -c $(top_builddir)/po/.intltool-merge-cache $(top_srcdir)/po $< $@'
INTLTOOL_XML_NOMERGE_RULE='%.xml:       %.xml.in       $(INTLTOOL_MERGE) ; $(INTLTOOL_V_MERGE)LC_ALL=C $(INTLTOOL_MERGE) $(INTLTOOL_V_MERGE_OPTIONS) -x -u --no-translations $< $@'
INTLTOOL_XML_RULE='%.xml:       %.xml.in       $(INTLTOOL_MERGE) $(wildcard $(top_srcdir)/po/*.po) ; $(INTLTOOL_V_MERGE)LC_ALL=C $(INTLTOOL_MERGE) $(INTLTOOL_V_MERGE_OPTIONS) -x -u -c $(top_builddir)/po/.intltool-merge-cache $(top_srcdir)/po $< $@'
INTLTOOL__v_MERGE_0='@echo "  ITMRG " $@;'
INTLTOOL__v_MERGE_='$(INTLTOOL__v_MERGE_$(AM_DEFAULT_VERBOSITY))'
LD='/Applications/Xcode.app/Contents/Developer/Toolchains/XcodeDefault.xctoolchain/usr/bin/ld'
LDFLAGS=''
LIBGPOD_BLOB_DIR='${libdir}/libgpod'
LIBGPOD_CFLAGS='-D_REENTRANT -I/usr/local/Cellar/libplist/1.12/include -I/usr/local/Cellar/glib/2.46.0/include/glib-2.0 -I/usr/local/Cellar/glib/2.46.0/lib/glib-2.0/include -I/usr/local/opt/gettext/include -I/usr/include/libxml2  -I/usr/include/libxml2 '
LIBGPOD_LIBS='-L/usr/local/Cellar/glib/2.46.0/lib -L/usr/local/Cellar/libplist/1.12/lib -L/usr/local/Cellar/glib/2.46.0/lib -L/usr/local/opt/gettext/lib -lgobject-2.0 -lsqlite3 -lplist -lgmodule-2.0 -lglib-2.0 -lintl  -lxml2 '
LIBGPOD_SO_VERSION='7:2:3'
LIBIMOBILEDEVICE_CFLAGS=''
LIBIMOBILEDEVICE_LIBS=''
LIBIMOBILEDEVICE_REQ=''
LIBOBJS=''
LIBS=''
LIBTOOL='$(SHELL) $(top_builddir)/libtool'
LIBUSB_CFLAGS=''
LIBUSB_LIBS=''
LIBXML_CFLAGS='-I/usr/include/libxml2 '
LIBXML_LIBS='-lxml2 '
LIPO='lipo'
LN_S='ln -s'
LTLIBOBJS=''
MAINT='#'
MAINTAINER_MODE_FALSE=''
MAINTAINER_MODE_TRUE='#'
MAKEINFO='${SHELL} /Users/nredko/Documents/senuti/libxpod/libgpod-0.8.3/missing makeinfo'
MANIFEST_TOOL=':'
MCS='no'
MKDIR_P='./install-sh -c -d'
MKINSTALLDIRS='./mkinstalldirs'
MONO='no'
MONO_MODULE_CFLAGS=''
MONO_MODULE_LIBS=''
MSGFMT='/usr/local/bin/msgfmt'
MSGFMT_OPTS='-c'
MSGMERGE='/usr/local/bin/msgmerge'
NM='/usr/bin/nm'
NMEDIT='nmedit'
OBJDUMP='false'
OBJEXT='o'
OTOOL64=':'
OTOOL='otool'
PACKAGE='libgpod'
PACKAGE_BUGREPORT=''
PACKAGE_NAME='libgpod'
PACKAGE_STRING='libgpod 0.8.3'
PACKAGE_TARNAME='libgpod'
PACKAGE_URL=''
PACKAGE_VERSION='0.8.3'
PATH_SEPARATOR=':'
PKG_CONFIG='/usr/local/bin/pkg-config'
PKG_CONFIG_LIBDIR=''
PKG_CONFIG_PATH=''
POFILES=' de.po es.po fr.po he.po it.po ja.po ro.po sv.po zh_CN.po'
POSUB='po'
PO_IN_DATADIR_FALSE=''
PO_IN_DATADIR_TRUE=''
PYGOBJECT_CFLAGS=''
PYGOBJECT_LIBS=''
PYTHON='/usr/bin/python'
PYTHON_EXEC_PREFIX='${exec_prefix}'
PYTHON_INCLUDES='-I/System/Library/Frameworks/Python.framework/Versions/2.7/include/python2.7'
PYTHON_LDFLAGS='-Wl,-F. -Wl,-F. -bundle -framework Python'
PYTHON_PLATFORM='darwin'
PYTHON_PREFIX='${prefix}'
PYTHON_VERSION='2.7'
RANLIB='ranlib'
SED='/usr/bin/sed'
SET_MAKE=''
SGUTILS_LIBS=''
SHELL='/bin/sh'
STRIP='strip'
SWIG=''
SWIG_LIB=''
TAGLIB_CFLAGS=''
TAGLIB_LIBS=''
TMPMOUNTDIR='/tmp/'
USE_NLS='yes'
USE_UDEV_FALSE='#'
USE_UDEV_TRUE=''
VERSION='0.8.3'
XGETTEXT='/usr/local/bin/xgettext'
Z_LIBS='-lz'
ac_ct_AR='ar'
ac_ct_CC='gcc'
ac_ct_CXX='g++'
ac_ct_DUMPBIN=''
am__EXEEXT_FALSE=''
am__EXEEXT_TRUE='#'
am__fastdepCC_FALSE='#'
am__fastdepCC_TRUE=''
am__fastdepCXX_FALSE='#'
am__fastdepCXX_TRUE=''
am__include='include'
am__isrc=''
am__leading_dot='.'
am__nodep='_no'
am__quote=''
am__tar='$${TAR-tar} chof - "$$tardir"'
am__untar='$${TAR-tar} xf -'
bindir='${exec_prefix}/bin'
build='x86_64-apple-darwin14.5.0'
build_alias=''
build_cpu='x86_64'
build_os='darwin14.5.0'
build_vendor='apple'
datadir='${datarootdir}'
datarootdir='${prefix}/share'
docdir='${datarootdir}/doc/${PACKAGE_TARNAME}'
dvidir='${docdir}'
exec_prefix='${prefix}'
expanded_libdir='/usr/local/lib'
host='x86_64-apple-darwin14.5.0'
host_alias=''
host_cpu='x86_64'
host_os='darwin14.5.0'
host_vendor='apple'
htmldir='${docdir}'
includedir='${prefix}/include'
infodir='${datarootdir}/info'
install_sh='${SHELL} /Users/nredko/Documents/senuti/libxpod/libgpod-0.8.3/install-sh'
intltool__v_merge_options_0='-q'
intltool__v_merge_options_='$(intltool__v_merge_options_$(AM_DEFAULT_VERBOSITY))'
libdir='${exec_prefix}/lib'
libexecdir='${exec_prefix}/libexec'
localedir='${datarootdir}/locale'
localstatedir='${prefix}/var'
mandir='${datarootdir}/man'
mkdir_p='$(MKDIR_P)'
oldincludedir='/usr/include'
pdfdir='${docdir}'
pkgpyexecdir='${pyexecdir}/libgpod'
pkgpythondir='${pythondir}/libgpod'
prefix='/usr/local'
program_transform_name='s,x,x,'
psdir='${docdir}'
pyexecdir='${exec_prefix}/lib/python2.7/site-packages'
pythondir='${prefix}/lib/python2.7/site-packages'
sbindir='${exec_prefix}/sbin'
sharedstatedir='${prefix}/com'
sysconfdir='${prefix}/etc'
target_alias=''
udevdir='/lib/udev'

## ----------- ##
## confdefs.h. ##
## ----------- ##

/* confdefs.h */
#define PACKAGE_NAME "libgpod"
#define PACKAGE_TARNAME "libgpod"
#define PACKAGE_VERSION "0.8.3"
#define PACKAGE_STRING "libgpod 0.8.3"
#define PACKAGE_BUGREPORT ""
#define PACKAGE_URL ""
#define PACKAGE "libgpod"
#define VERSION "0.8.3"
#define STDC_HEADERS 1
#define HAVE_SYS_TYPES_H 1
#define HAVE_SYS_STAT_H 1
#define HAVE_STDLIB_H 1
#define HAVE_STRING_H 1
#define HAVE_MEMORY_H 1
#define HAVE_STRINGS_H 1
#define HAVE_INTTYPES_H 1
#define HAVE_STDINT_H 1
#define HAVE_UNISTD_H 1
#define __EXTENSIONS__ 1
#define _ALL_SOURCE 1
#define _GNU_SOURCE 1
#define _POSIX_PTHREAD_SEMANTICS 1
#define _TANDEM_SOURCE 1
#define STDC_HEADERS 1
#define HAVE_DLFCN_H 1
#define LT_OBJDIR ".libs/"
#define HAVE_LOCALTIME_R 1
#define HAVE_STRUCT_TM_TM_GMTOFF 1
#define HAVE_G_INT64_HASH 1
#define HAVE_G_INT64_EQUAL 1
#define HAVE_G_CHECKSUM_RESET 1
#define HAVE_G_MAPPED_FILE_UNREF 1
#define HAVE_ZLIB 1
#define TMPMOUNTDIR "/tmp/"
#define HAVE_LIBXML 1
#define GETTEXT_PACKAGE "libgpod"
#define HAVE_LOCALE_H 1
#define HAVE_LC_MESSAGES 1
#define HAVE_BIND_TEXTDOMAIN_CODESET 1
#define HAVE_GETTEXT 1
#define HAVE_DCGETTEXT 1
#define ENABLE_NLS 1
#define ALIGNOF_DOUBLE 8

configure: exit 0
